#
# There is insufficient memory for the Java Runtime Environment to continue.
# Native memory allocation (malloc) failed to allocate 32744 bytes for ChunkPool::allocate
# Possible reasons:
#   The system is out of physical RAM or swap space
#   In 32 bit mode, the process size limit was hit
# Possible solutions:
#   Reduce memory load on the system
#   Increase physical memory or swap space
#   Check if swap backing store is full
#   Use 64 bit Java on a 64 bit OS
#   Decrease Java heap size (-Xmx/-Xms)
#   Decrease number of Java threads
#   Decrease Java thread stack sizes (-Xss)
#   Set larger code cache with -XX:ReservedCodeCacheSize=
# This output file may be truncated or incomplete.
#
#  Out of Memory Error (allocation.cpp:273), pid=4580, tid=0x0000000000002a54
#
# JRE version: Java(TM) SE Runtime Environment (8.0_101-b13) (build 1.8.0_101-b13)
# Java VM: Java HotSpot(TM) 64-Bit Server VM (25.101-b13 mixed mode windows-amd64 compressed oops)
# Failed to write core dump. Minidumps are not enabled by default on client versions of Windows
#

---------------  T H R E A D  ---------------

Current thread (0x0000000016ee9000):  JavaThread "C2 CompilerThread0" daemon [_thread_in_native, id=10836, stack(0x0000000018b10000,0x0000000018c10000)]

Stack: [0x0000000018b10000,0x0000000018c10000]
[error occurred during error reporting (printing stack bounds), id 0xc0000005]

Native frames: (J=compiled Java code, j=interpreted, Vv=VM code, C=native code)


Current CompileTask:
C2: 105276 6155  s    4       java.lang.reflect.Field::declaredAnnotations (59 bytes)


---------------  P R O C E S S  ---------------

Java Threads: ( => current thread )
  0x000000001df04800 JavaThread "pool-1-thread-10" [_thread_blocked, id=1156, stack(0x0000000024d80000,0x0000000024e80000)]
  0x000000001eb5e800 JavaThread "pool-1-thread-9" [_thread_blocked, id=3556, stack(0x0000000024ab0000,0x0000000024bb0000)]
  0x000000001eb5e000 JavaThread "pool-1-thread-8" [_thread_blocked, id=12860, stack(0x0000000024150000,0x0000000024250000)]
  0x000000001eb5d000 JavaThread "task-scheduler-10" [_thread_blocked, id=9808, stack(0x0000000024960000,0x0000000024a60000)]
  0x000000001eb5c800 JavaThread "task-scheduler-9" [_thread_blocked, id=5644, stack(0x0000000024760000,0x0000000024860000)]
  0x000000001eb5b800 JavaThread "task-scheduler-8" [_thread_blocked, id=13296, stack(0x00000000245c0000,0x00000000246c0000)]
  0x000000001eb58800 JavaThread "task-scheduler-7" [_thread_blocked, id=3640, stack(0x00000000215a0000,0x00000000216a0000)]
  0x000000001eb5a000 JavaThread "pool-1-thread-7" [_thread_blocked, id=11484, stack(0x000000001fc30000,0x000000001fd30000)]
  0x000000001eb5b000 JavaThread "JGit-WorkQueue" daemon [_thread_blocked, id=12284, stack(0x0000000024300000,0x0000000024400000)]
  0x000000001eb59800 JavaThread "task-scheduler-6" [_thread_blocked, id=6140, stack(0x0000000024400000,0x0000000024500000)]
  0x000000001eb58000 JavaThread "pool-1-thread-6" [_thread_blocked, id=10848, stack(0x0000000023c30000,0x0000000023d30000)]
  0x0000000019ade800 JavaThread "pool-1-thread-5" [_thread_blocked, id=4488, stack(0x0000000023aa0000,0x0000000023ba0000)]
  0x0000000019ade000 JavaThread "task-scheduler-5" [_thread_blocked, id=11096, stack(0x00000000238a0000,0x00000000239a0000)]
  0x0000000019add000 JavaThread "pool-1-thread-4" [_thread_blocked, id=9220, stack(0x0000000023760000,0x0000000023860000)]
  0x000000001accf800 JavaThread "task-scheduler-4" [_thread_blocked, id=12672, stack(0x00000000232a0000,0x00000000233a0000)]
  0x000000001acd0800 JavaThread "task-scheduler-3" [_thread_blocked, id=2464, stack(0x0000000019680000,0x0000000019780000)]
  0x0000000019adc800 JavaThread "task-scheduler-2" [_thread_blocked, id=6940, stack(0x00000000219c0000,0x0000000021ac0000)]
  0x0000000019adb800 JavaThread "DestroyJavaVM" [_thread_blocked, id=10084, stack(0x00000000023f0000,0x00000000024f0000)]
  0x0000000019adb000 JavaThread "http-nio-8887-AsyncTimeout" daemon [_thread_blocked, id=10612, stack(0x0000000023100000,0x0000000023200000)]
  0x0000000019ada000 JavaThread "http-nio-8887-Acceptor-0" daemon [_thread_in_native, id=9192, stack(0x0000000022f30000,0x0000000023030000)]
  0x0000000019ad9800 JavaThread "http-nio-8887-ClientPoller-1" daemon [_thread_in_native, id=10484, stack(0x0000000022de0000,0x0000000022ee0000)]
  0x0000000019ad8800 JavaThread "http-nio-8887-ClientPoller-0" daemon [_thread_in_native, id=9488, stack(0x0000000022bf0000,0x0000000022cf0000)]
  0x0000000019ad8000 JavaThread "http-nio-8887-exec-10" daemon [_thread_blocked, id=8588, stack(0x0000000022a40000,0x0000000022b40000)]
  0x000000001a627000 JavaThread "http-nio-8887-exec-9" daemon [_thread_blocked, id=4680, stack(0x00000000228d0000,0x00000000229d0000)]
  0x000000001a626800 JavaThread "http-nio-8887-exec-8" daemon [_thread_blocked, id=12212, stack(0x0000000022740000,0x0000000022840000)]
  0x000000001a625800 JavaThread "http-nio-8887-exec-7" daemon [_thread_blocked, id=6956, stack(0x0000000021c10000,0x0000000021d10000)]
  0x000000001a625000 JavaThread "http-nio-8887-exec-6" daemon [_thread_blocked, id=4316, stack(0x00000000225f0000,0x00000000226f0000)]
  0x000000001a624000 JavaThread "http-nio-8887-exec-5" daemon [_thread_blocked, id=13228, stack(0x00000000224c0000,0x00000000225c0000)]
  0x000000001a623800 JavaThread "http-nio-8887-exec-4" daemon [_thread_blocked, id=4836, stack(0x00000000222d0000,0x00000000223d0000)]
  0x000000001a622800 JavaThread "http-nio-8887-exec-3" daemon [_thread_blocked, id=12088, stack(0x00000000220e0000,0x00000000221e0000)]
  0x000000001a622000 JavaThread "http-nio-8887-exec-2" daemon [_thread_blocked, id=4956, stack(0x0000000021f10000,0x0000000022010000)]
  0x000000001a621000 JavaThread "http-nio-8887-exec-1" daemon [_thread_blocked, id=11896, stack(0x0000000021d40000,0x0000000021e40000)]
  0x000000001a620800 JavaThread "NioBlockingSelector.BlockPoller-1" daemon [_thread_in_native, id=10736, stack(0x0000000021ac0000,0x0000000021bc0000)]
  0x000000001acd5800 JavaThread "task-scheduler-1" [_thread_blocked, id=12784, stack(0x000000001ce50000,0x000000001cf50000)]
  0x000000001acd5000 JavaThread "pool-1-thread-3" [_thread_blocked, id=10888, stack(0x00000000214a0000,0x00000000215a0000)]
  0x000000001acd4000 JavaThread "springCloudBus.anonymous.908n_3rOT_m-V1TBjoj_Dg-1" [_thread_in_native, id=3160, stack(0x000000001fa80000,0x000000001fb80000)]
  0x000000001acd3800 JavaThread "pool-1-thread-2" [_thread_blocked, id=13192, stack(0x00000000216b0000,0x00000000217b0000)]
  0x000000001acd2800 JavaThread "AMQP Connection 127.0.0.1:5672" [_thread_in_native, id=12468, stack(0x0000000019150000,0x0000000019250000)]
  0x000000001acd2000 JavaThread "container-0" [_thread_blocked, id=13076, stack(0x000000001f600000,0x000000001f700000)]
  0x000000001acd1000 JavaThread "ContainerBackgroundProcessor[StandardEngine[Tomcat]]" daemon [_thread_blocked, id=1208, stack(0x000000001f950000,0x000000001fa50000)]
  0x0000000019a3a000 JavaThread "RMI TCP Accept-0" daemon [_thread_in_native, id=1564, stack(0x000000001a1a0000,0x000000001a2a0000)]
  0x0000000019a36800 JavaThread "RMI TCP Accept-53510" daemon [_thread_in_native, id=12280, stack(0x0000000019480000,0x0000000019580000)]
  0x00000000199ae000 JavaThread "RMI TCP Accept-0" daemon [_thread_in_native, id=3496, stack(0x000000001a080000,0x000000001a180000)]
  0x000000001858c000 JavaThread "Service Thread" daemon [_thread_blocked, id=8856, stack(0x0000000019040000,0x0000000019140000)]
  0x0000000018508000 JavaThread "C1 CompilerThread2" daemon [_thread_blocked, id=6528, stack(0x0000000018eb0000,0x0000000018fb0000)]
  0x0000000016eeb000 JavaThread "C2 CompilerThread1" daemon [_thread_blocked, id=10948, stack(0x0000000018ce0000,0x0000000018de0000)]
=>0x0000000016ee9000 JavaThread "C2 CompilerThread0" daemon [_thread_in_native, id=10836, stack(0x0000000018b10000,0x0000000018c10000)]
  0x00000000184f9800 JavaThread "Attach Listener" daemon [_thread_blocked, id=9632, stack(0x0000000018940000,0x0000000018a40000)]
  0x00000000184f8800 JavaThread "Signal Dispatcher" daemon [_thread_blocked, id=8172, stack(0x0000000017f10000,0x0000000018010000)]
  0x0000000016ece000 JavaThread "Finalizer" daemon [_thread_blocked, id=11132, stack(0x00000000183f0000,0x00000000184f0000)]
  0x0000000016e86800 JavaThread "Reference Handler" daemon [_thread_blocked, id=6004, stack(0x0000000018200000,0x0000000018300000)]

Other Threads:
  0x0000000016e7f000 VMThread [stack: 0x0000000018090000,0x0000000018190000] [id=11112]
  0x0000000019a44000 WatcherThread [stack: 0x0000000019320000,0x0000000019420000] [id=12312]

VM state:not at safepoint (normal execution)

VM Mutex/Monitor currently owned by a thread: None

Heap:
 PSYoungGen      total 285184K, used 70272K [0x00000000d8600000, 0x00000000f2300000, 0x0000000100000000)
  eden space 265728K, 19% used [0x00000000d8600000,0x00000000db9dd248,0x00000000e8980000)
  from space 19456K, 88% used [0x00000000e8980000,0x00000000e9a42f80,0x00000000e9c80000)
  to   space 20992K, 0% used [0x00000000f0e80000,0x00000000f0e80000,0x00000000f2300000)
 ParOldGen       total 89600K, used 27236K [0x0000000089200000, 0x000000008e980000, 0x00000000d8600000)
  object space 89600K, 30% used [0x0000000089200000,0x000000008ac99118,0x000000008e980000)
 Metaspace       used 46171K, capacity 46820K, committed 46976K, reserved 1089536K
  class space    used 5840K, capacity 5983K, committed 6016K, reserved 1048576K

Card table byte_map: [0x0000000011b80000,0x0000000011f40000] byte_map_base: 0x0000000011737000

Marking Bits: (ParMarkBitMap*) 0x000000006ff4a6d0
 Begin Bits: [0x00000000125c0000, 0x0000000014378000)
 End Bits:   [0x0000000014378000, 0x0000000016130000)

Polling page: 0x0000000000220000

CodeCache: size=245760Kb used=18857Kb max_used=18876Kb free=226902Kb
 bounds [0x00000000027c0000, 0x0000000003a50000, 0x00000000117c0000]
 total_blobs=5630 nmethods=5148 adapters=394
 compilation: enabled

Compilation events (10 events):
Event: 104.971 Thread 0x0000000016eeb000 6152       4       java.lang.ReflectiveOperationException::<init> (6 bytes)
Event: 104.973 Thread 0x0000000016eeb000 nmethod 6152 0x0000000003a2e350 code [0x0000000003a2e4a0, 0x0000000003a2e808]
Event: 104.973 Thread 0x0000000016eeb000 6169       4       java.lang.NoSuchMethodException::<init> (6 bytes)
Event: 104.975 Thread 0x0000000016eeb000 nmethod 6169 0x0000000003a36450 code [0x0000000003a365a0, 0x0000000003a36908]
Event: 104.975 Thread 0x0000000016eeb000 6171       4       java.lang.Throwable::<init> (34 bytes)
Event: 104.978 Thread 0x0000000016eeb000 nmethod 6171 0x0000000003a348d0 code [0x0000000003a34a40, 0x0000000003a34de8]
Event: 104.978 Thread 0x0000000016eeb000 6172       4       java.lang.Class::getDeclaredMethod (67 bytes)
Event: 105.048 Thread 0x0000000016eeb000 nmethod 6172 0x0000000003a46610 code [0x0000000003a46900, 0x0000000003a48b60]
Event: 105.048 Thread 0x0000000016eeb000 6146       4       org.springframework.asm.MethodVisitor::visitLineNumber (17 bytes)
Event: 105.049 Thread 0x0000000016eeb000 nmethod 6146 0x00000000035e16d0 code [0x00000000035e1800, 0x00000000035e1878]

GC Heap History (10 events):
Event: 9.572 GC heap before
{Heap before GC invocations=9 (full 1):
 PSYoungGen      total 141312K, used 124953K [0x00000000d8600000, 0x00000000e5c80000, 0x0000000100000000)
  eden space 125952K, 87% used [0x00000000d8600000,0x00000000df163d20,0x00000000e0100000)
  from space 15360K, 97% used [0x00000000e0100000,0x00000000e0fa2880,0x00000000e1000000)
  to   space 17408K, 0% used [0x00000000e4b80000,0x00000000e4b80000,0x00000000e5c80000)
 ParOldGen       total 69120K, used 15580K [0x0000000089200000, 0x000000008d580000, 0x00000000d8600000)
  object space 69120K, 22% used [0x0000000089200000,0x000000008a137110,0x000000008d580000)
 Metaspace       used 34786K, capacity 35236K, committed 35416K, reserved 1081344K
  class space    used 4435K, capacity 4553K, committed 4608K, reserved 1048576K
Event: 10.122 GC heap after
Heap after GC invocations=9 (full 1):
 PSYoungGen      total 198656K, used 17401K [0x00000000d8600000, 0x00000000e9500000, 0x0000000100000000)
  eden space 181248K, 0% used [0x00000000d8600000,0x00000000d8600000,0x00000000e3700000)
  from space 17408K, 99% used [0x00000000e4b80000,0x00000000e5c7e5b0,0x00000000e5c80000)
  to   space 20992K, 0% used [0x00000000e3700000,0x00000000e3700000,0x00000000e4b80000)
 ParOldGen       total 69120K, used 17677K [0x0000000089200000, 0x000000008d580000, 0x00000000d8600000)
  object space 69120K, 25% used [0x0000000089200000,0x000000008a343580,0x000000008d580000)
 Metaspace       used 34786K, capacity 35236K, committed 35416K, reserved 1081344K
  class space    used 4435K, capacity 4553K, committed 4608K, reserved 1048576K
}
Event: 10.122 GC heap before
{Heap before GC invocations=10 (full 2):
 PSYoungGen      total 198656K, used 17401K [0x00000000d8600000, 0x00000000e9500000, 0x0000000100000000)
  eden space 181248K, 0% used [0x00000000d8600000,0x00000000d8600000,0x00000000e3700000)
  from space 17408K, 99% used [0x00000000e4b80000,0x00000000e5c7e5b0,0x00000000e5c80000)
  to   space 20992K, 0% used [0x00000000e3700000,0x00000000e3700000,0x00000000e4b80000)
 ParOldGen       total 69120K, used 17677K [0x0000000089200000, 0x000000008d580000, 0x00000000d8600000)
  object space 69120K, 25% used [0x0000000089200000,0x000000008a343580,0x000000008d580000)
 Metaspace       used 34786K, capacity 35236K, committed 35416K, reserved 1081344K
  class space    used 4435K, capacity 4553K, committed 4608K, reserved 1048576K
Event: 10.311 GC heap after
Heap after GC invocations=10 (full 2):
 PSYoungGen      total 198656K, used 0K [0x00000000d8600000, 0x00000000e9500000, 0x0000000100000000)
  eden space 181248K, 0% used [0x00000000d8600000,0x00000000d8600000,0x00000000e3700000)
  from space 17408K, 0% used [0x00000000e4b80000,0x00000000e4b80000,0x00000000e5c80000)
  to   space 20992K, 0% used [0x00000000e3700000,0x00000000e3700000,0x00000000e4b80000)
 ParOldGen       total 89600K, used 27212K [0x0000000089200000, 0x000000008e980000, 0x00000000d8600000)
  object space 89600K, 30% used [0x0000000089200000,0x000000008ac93118,0x000000008e980000)
 Metaspace       used 34786K, capacity 35236K, committed 35416K, reserved 1081344K
  class space    used 4435K, capacity 4553K, committed 4608K, reserved 1048576K
}
Event: 12.120 GC heap before
{Heap before GC invocations=11 (full 2):
 PSYoungGen      total 198656K, used 181248K [0x00000000d8600000, 0x00000000e9500000, 0x0000000100000000)
  eden space 181248K, 100% used [0x00000000d8600000,0x00000000e3700000,0x00000000e3700000)
  from space 17408K, 0% used [0x00000000e4b80000,0x00000000e4b80000,0x00000000e5c80000)
  to   space 20992K, 0% used [0x00000000e3700000,0x00000000e3700000,0x00000000e4b80000)
 ParOldGen       total 89600K, used 27212K [0x0000000089200000, 0x000000008e980000, 0x00000000d8600000)
  object space 89600K, 30% used [0x0000000089200000,0x000000008ac93118,0x000000008e980000)
 Metaspace       used 37972K, capacity 38592K, committed 38784K, reserved 1083392K
  class space    used 4796K, capacity 4957K, committed 4992K, reserved 1048576K
Event: 12.285 GC heap after
Heap after GC invocations=11 (full 2):
 PSYoungGen      total 202240K, used 8093K [0x00000000d8600000, 0x00000000eb680000, 0x0000000100000000)
  eden space 181248K, 0% used [0x00000000d8600000,0x00000000d8600000,0x00000000e3700000)
  from space 20992K, 38% used [0x00000000e3700000,0x00000000e3ee7488,0x00000000e4b80000)
  to   space 20480K, 0% used [0x00000000ea280000,0x00000000ea280000,0x00000000eb680000)
 ParOldGen       total 89600K, used 27220K [0x0000000089200000, 0x000000008e980000, 0x00000000d8600000)
  object space 89600K, 30% used [0x0000000089200000,0x000000008ac95118,0x000000008e980000)
 Metaspace       used 37972K, capacity 38592K, committed 38784K, reserved 1083392K
  class space    used 4796K, capacity 4957K, committed 4992K, reserved 1048576K
}
Event: 35.628 GC heap before
{Heap before GC invocations=12 (full 2):
 PSYoungGen      total 202240K, used 189341K [0x00000000d8600000, 0x00000000eb680000, 0x0000000100000000)
  eden space 181248K, 100% used [0x00000000d8600000,0x00000000e3700000,0x00000000e3700000)
  from space 20992K, 38% used [0x00000000e3700000,0x00000000e3ee7488,0x00000000e4b80000)
  to   space 20480K, 0% used [0x00000000ea280000,0x00000000ea280000,0x00000000eb680000)
 ParOldGen       total 89600K, used 27220K [0x0000000089200000, 0x000000008e980000, 0x00000000d8600000)
  object space 89600K, 30% used [0x0000000089200000,0x000000008ac95118,0x000000008e980000)
 Metaspace       used 41330K, capacity 41980K, committed 42112K, reserved 1085440K
  class space    used 5259K, capacity 5427K, committed 5504K, reserved 1048576K
Event: 35.696 GC heap after
Heap after GC invocations=12 (full 2):
 PSYoungGen      total 279040K, used 10447K [0x00000000d8600000, 0x00000000eaf80000, 0x0000000100000000)
  eden space 265728K, 0% used [0x00000000d8600000,0x00000000d8600000,0x00000000e8980000)
  from space 13312K, 78% used [0x00000000ea280000,0x00000000eacb3f50,0x00000000eaf80000)
  to   space 19456K, 0% used [0x00000000e8980000,0x00000000e8980000,0x00000000e9c80000)
 ParOldGen       total 89600K, used 27228K [0x0000000089200000, 0x000000008e980000, 0x00000000d8600000)
  object space 89600K, 30% used [0x0000000089200000,0x000000008ac97118,0x000000008e980000)
 Metaspace       used 41330K, capacity 41980K, committed 42112K, reserved 1085440K
  class space    used 5259K, capacity 5427K, committed 5504K, reserved 1048576K
}
Event: 70.178 GC heap before
{Heap before GC invocations=13 (full 2):
 PSYoungGen      total 279040K, used 276175K [0x00000000d8600000, 0x00000000eaf80000, 0x0000000100000000)
  eden space 265728K, 100% used [0x00000000d8600000,0x00000000e8980000,0x00000000e8980000)
  from space 13312K, 78% used [0x00000000ea280000,0x00000000eacb3f50,0x00000000eaf80000)
  to   space 19456K, 0% used [0x00000000e8980000,0x00000000e8980000,0x00000000e9c80000)
 ParOldGen       total 89600K, used 27228K [0x0000000089200000, 0x000000008e980000, 0x00000000d8600000)
  object space 89600K, 30% used [0x0000000089200000,0x000000008ac97118,0x000000008e980000)
 Metaspace       used 46128K, capacity 46808K, committed 46976K, reserved 1089536K
  class space    used 5838K, capacity 5981K, committed 6016K, reserved 1048576K
Event: 70.206 GC heap after
Heap after GC invocations=13 (full 2):
 PSYoungGen      total 285184K, used 17163K [0x00000000d8600000, 0x00000000f2300000, 0x0000000100000000)
  eden space 265728K, 0% used [0x00000000d8600000,0x00000000d8600000,0x00000000e8980000)
  from space 19456K, 88% used [0x00000000e8980000,0x00000000e9a42f80,0x00000000e9c80000)
  to   space 20992K, 0% used [0x00000000f0e80000,0x00000000f0e80000,0x00000000f2300000)
 ParOldGen       total 89600K, used 27236K [0x0000000089200000, 0x000000008e980000, 0x00000000d8600000)
  object space 89600K, 30% used [0x0000000089200000,0x000000008ac99118,0x000000008e980000)
 Metaspace       used 46128K, capacity 46808K, committed 46976K, reserved 1089536K
  class space    used 5838K, capacity 5981K, committed 6016K, reserved 1048576K
}

Deoptimization events (10 events):
Event: 38.363 Thread 0x000000001a622000 Uncommon trap: reason=class_check action=maybe_recompile pc=0x0000000002a04194 method=java.util.jar.JarFile.getJarEntry(Ljava/lang/String;)Ljava/util/jar/JarEntry; @ 2
Event: 38.399 Thread 0x000000001eb58800 Uncommon trap: reason=bimorphic action=maybe_recompile pc=0x0000000002bdf030 method=java.util.zip.InflaterInputStream.read([BII)I @ 100
Event: 38.408 Thread 0x000000001eb58800 Uncommon trap: reason=unstable_if action=reinterpret pc=0x000000000382227c method=java.security.CodeSource.matchCerts(Ljava/security/CodeSource;Z)Z @ 11
Event: 38.438 Thread 0x000000001eb58800 Uncommon trap: reason=bimorphic action=maybe_recompile pc=0x0000000002bdf030 method=java.util.zip.InflaterInputStream.read([BII)I @ 100
Event: 38.911 Thread 0x000000001a622000 Uncommon trap: reason=unstable_if action=reinterpret pc=0x0000000002b75074 method=java.util.HashMap.hash(Ljava/lang/Object;)I @ 1
Event: 38.984 Thread 0x000000001a622000 Uncommon trap: reason=unstable_if action=reinterpret pc=0x000000000386d538 method=java.io.WinNTFileSystem.resolve(Ljava/lang/String;Ljava/lang/String;)Ljava/lang/String; @ 36
Event: 40.366 Thread 0x000000001a622000 Uncommon trap: reason=null_check action=make_not_entrant pc=0x00000000038c4590 method=org.springframework.beans.ExtendedBeanInfo.isCandidateWriteMethod(Ljava/lang/reflect/Method;)Z @ 47
Event: 67.848 Thread 0x000000001acd1000 Uncommon trap: reason=bimorphic action=maybe_recompile pc=0x00000000031c7544 method=java.util.AbstractCollection.addAll(Ljava/util/Collection;)Z @ 29
Event: 70.207 Thread 0x0000000016e86800 Uncommon trap: reason=unstable_if action=reinterpret pc=0x00000000037a6134 method=java.lang.ref.Reference.tryHandlePending(Z)Z @ 20
Event: 97.848 Thread 0x000000001acd1000 Uncommon trap: reason=bimorphic action=maybe_recompile pc=0x00000000031c7544 method=java.util.AbstractCollection.addAll(Ljava/util/Collection;)Z @ 29

Internal exceptions (10 events):
Event: 104.798 Thread 0x000000001acd4000 Exception <a 'java/lang/ClassNotFoundException': org/springframework/cloud/bootstrap/encrypt/EncryptionBootstrapConfiguration$$EnhancerBySpringCGLIB$$f8f99ed4Customizer> (0x00000000dadcae70) thrown at [C:\re\workspace\8-2-build-windows-amd64-cygwin\jdk8u10ÁºVõ3Z@
Event: 104.799 Thread 0x000000001acd4000 Exception <a 'java/lang/ClassNotFoundException': org/springframework/context/annotation/ConfigurationClassEnhancer$EnhancedConfigurationCustomizer> (0x00000000dadef298) thrown at [C:\re\workspace\8-2-build-windows-amd64-cygwin\jdk8u101\7261\hotspot\src\sha
Event: 104.824 Thread 0x000000001acd4000 Exception <a 'java/lang/ClassNotFoundException': java/lang/ObjectCustomizer> (0x00000000db044668) thrown at [C:\re\workspace\8-2-build-windows-amd64-cygwin\jdk8u101\7261\hotspot\src\share\vm\classfile\systemDictionary.cpp, line 210]
Event: 104.825 Thread 0x000000001acd4000 Exception <a 'java/lang/ClassNotFoundException': org/springframework/cloud/bootstrap/encrypt/EnvironmentDecryptApplicationInitializerCustomizer> (0x00000000db0647d8) thrown at [C:\re\workspace\8-2-build-windows-amd64-cygwin\jdk8u101\7261\hotspot\src\share\qÿÿ4Z@
Event: 104.826 Thread 0x000000001acd4000 Exception <a 'java/lang/ClassNotFoundException': org/springframework/context/ApplicationContextInitializerCustomizer> (0x00000000db083f20) thrown at [C:\re\workspace\8-2-build-windows-amd64-cygwin\jdk8u101\7261\hotspot\src\share\vm\classfile\systemDictionaøÅú‚4Z@
Event: 104.826 Thread 0x000000001acd4000 Exception <a 'java/lang/ClassNotFoundException': org/springframework/core/OrderedCustomizer> (0x00000000db0951a8) thrown at [C:\re\workspace\8-2-build-windows-amd64-cygwin\jdk8u101\7261\hotspot\src\share\vm\classfile\systemDictionary.cpp, line 210]
Event: 104.830 Thread 0x000000001acd4000 Exception <a 'java/lang/ClassNotFoundException': java/lang/ObjectCustomizer> (0x00000000db0b2350) thrown at [C:\re\workspace\8-2-build-windows-amd64-cygwin\jdk8u101\7261\hotspot\src\share\vm\classfile\systemDictionary.cpp, line 210]
Event: 104.831 Thread 0x000000001acd4000 Exception <a 'java/lang/ClassNotFoundException': org/springframework/cloud/context/properties/ConfigurationPropertiesRebinderCustomizer> (0x00000000db0d0810) thrown at [C:\re\workspace\8-2-build-windows-amd64-cygwin\jdk8u101\7261\hotspot\src\share\vm\classkÕ»;5Z@
Event: 104.832 Thread 0x000000001acd4000 Exception <a 'java/lang/ClassNotFoundException': org/springframework/context/ApplicationContextAwareCustomizer> (0x00000000db0f0f78) thrown at [C:\re\workspace\8-2-build-windows-amd64-cygwin\jdk8u101\7261\hotspot\src\share\vm\classfile\systemDictionary.cppÁˇÅ√D5Z@
Event: 104.832 Thread 0x000000001acd4000 Exception <a 'java/lang/ClassNotFoundException': org/springframework/context/ApplicationListenerCustomizer> (0x00000000db1067f8) thrown at [C:\re\workspace\8-2-build-windows-amd64-cygwin\jdk8u101\7261\hotspot\src\share\vm\classfile\systemDictionary.cpp, li¿±∞∫3Z@

Events (10 events):
Event: 104.831 loading class org/springframework/context/ApplicationContextAwareCustomizer
Event: 104.831 loading class org/springframework/context/ApplicationContextAwareCustomizer done
Event: 104.832 loading class org/springframework/context/ApplicationContextAwareCustomizer
Event: 104.832 loading class org/springframework/context/ApplicationContextAwareCustomizer done
Event: 104.832 loading class org/springframework/context/ApplicationListenerCustomizer
Event: 104.832 loading class org/springframework/context/ApplicationListenerCustomizer done
Event: 104.832 loading class org/springframework/context/ApplicationListenerCustomizer
Event: 104.832 loading class org/springframework/context/ApplicationListenerCustomizer done
Event: 104.832 loading class org/springframework/context/ApplicationListenerCustomizer
Event: 104.832 loading class org/springframework/context/ApplicationListenerCustomizer done


Dynamic libraries:
0x000000013fec0000 - 0x000000013fef7000 	C:\software\jdk8\jdk8\bin\javaw.exe
0x0000000077bd0000 - 0x0000000077d7a000 	C:\windows\SYSTEM32\ntdll.dll
0x0000000077ab0000 - 0x0000000077bcf000 	C:\windows\system32\kernel32.dll
0x000007fefda20000 - 0x000007fefda8a000 	C:\windows\system32\KERNELBASE.dll
0x000007fefe140000 - 0x000007fefe21b000 	C:\windows\system32\ADVAPI32.dll
0x000007feffe30000 - 0x000007feffecf000 	C:\windows\system32\msvcrt.dll
0x000007fefe120000 - 0x000007fefe13f000 	C:\windows\SYSTEM32\sechost.dll
0x000007feffa30000 - 0x000007feffb5d000 	C:\windows\system32\RPCRT4.dll
0x00000000779b0000 - 0x0000000077aaa000 	C:\windows\system32\USER32.dll
0x000007feff4f0000 - 0x000007feff557000 	C:\windows\system32\GDI32.dll
0x000007feffed0000 - 0x000007feffede000 	C:\windows\system32\LPK.dll
0x000007fefe050000 - 0x000007fefe11a000 	C:\windows\system32\USP10.dll
0x000007fefbd80000 - 0x000007fefbf74000 	C:\windows\WinSxS\amd64_microsoft.windows.common-controls_6595b64144ccf1df_6.0.7601.18837_none_fa3b1e3d17594757\COMCTL32.dll
0x000007fefdfd0000 - 0x000007fefe041000 	C:\windows\system32\SHLWAPI.dll
0x000007fefdc80000 - 0x000007fefdcae000 	C:\windows\system32\IMM32.DLL
0x000007fefe550000 - 0x000007fefe659000 	C:\windows\system32\MSCTF.dll
0x0000000079030000 - 0x0000000079102000 	C:\software\jdk8\jdk8\bin\msvcr100.dll
0x000000006f730000 - 0x000000006ffca000 	C:\software\jdk8\jdk8\bin\server\jvm.dll
0x000007feee7f0000 - 0x000007feee7f9000 	C:\windows\system32\WSOCK32.dll
0x000007feffb60000 - 0x000007feffbad000 	C:\windows\system32\WS2_32.dll
0x000007feff6f0000 - 0x000007feff6f8000 	C:\windows\system32\NSI.dll
0x000007fef94a0000 - 0x000007fef94db000 	C:\windows\system32\WINMM.dll
0x000007fefc9a0000 - 0x000007fefc9ac000 	C:\windows\system32\VERSION.dll
0x0000000077da0000 - 0x0000000077da7000 	C:\windows\system32\PSAPI.DLL
0x0000000056370000 - 0x000000005637f000 	C:\software\jdk8\jdk8\bin\verify.dll
0x00000000502b0000 - 0x00000000502d9000 	C:\software\jdk8\jdk8\bin\java.dll
0x0000000050290000 - 0x00000000502a6000 	C:\software\jdk8\jdk8\bin\zip.dll
0x000007fefe760000 - 0x000007feff4e9000 	C:\windows\system32\SHELL32.dll
0x000007fefddd0000 - 0x000007fefdfcc000 	C:\windows\system32\ole32.dll
0x000007fefd8d0000 - 0x000007fefd8df000 	C:\windows\system32\profapi.dll
0x00000000500e0000 - 0x00000000500ed000 	C:\software\jdk8\jdk8\bin\management.dll
0x0000000050250000 - 0x000000005026a000 	C:\software\jdk8\jdk8\bin\net.dll
0x000007fefd090000 - 0x000007fefd0e5000 	C:\windows\system32\mswsock.dll
0x000007fefd080000 - 0x000007fefd087000 	C:\windows\System32\wship6.dll
0x0000000050270000 - 0x0000000050281000 	C:\software\jdk8\jdk8\bin\nio.dll
0x000007fefbfe0000 - 0x000007fefbff5000 	C:\windows\system32\NLAapi.dll
0x000007feee7b0000 - 0x000007feee7c5000 	C:\windows\system32\napinsp.dll
0x000007feee790000 - 0x000007feee7a9000 	C:\windows\system32\pnrpnsp.dll
0x000007fefcf10000 - 0x000007fefcf6b000 	C:\windows\system32\DNSAPI.dll
0x000007feee800000 - 0x000007feee80b000 	C:\windows\System32\winrnr.dll
0x000007feedb40000 - 0x000007feedb50000 	C:\windows\system32\wshbth.dll
0x000007fefca70000 - 0x000007fefca77000 	C:\windows\System32\wshtcpip.dll
0x000007fefad50000 - 0x000007fefad77000 	C:\windows\system32\IPHLPAPI.DLL
0x000007fefad40000 - 0x000007fefad4b000 	C:\windows\system32\WINNSI.DLL
0x000007fef68c0000 - 0x000007fef68c8000 	C:\windows\system32\rasadhlp.dll
0x000007fefabd0000 - 0x000007fefac23000 	C:\windows\System32\fwpuclnt.dll
0x000007fefd0f0000 - 0x000007fefd108000 	C:\windows\system32\CRYPTSP.dll
0x000007fefcdf0000 - 0x000007fefce37000 	C:\windows\system32\rsaenh.dll
0x000007fefd9b0000 - 0x000007fefd9ce000 	C:\windows\system32\USERENV.dll
0x000007fefd760000 - 0x000007fefd76f000 	C:\windows\system32\CRYPTBASE.dll
0x000007fefab50000 - 0x000007fefab61000 	C:\windows\system32\dhcpcsvc6.DLL
0x000007fefab30000 - 0x000007fefab48000 	C:\windows\system32\dhcpcsvc.DLL
0x000007fefd700000 - 0x000007fefd757000 	C:\windows\system32\apphelp.dll

VM Arguments:
jvm_args: -Dcom.sun.management.jmxremote -Dcom.sun.management.jmxremote.port=53510 -Dcom.sun.management.jmxremote.authenticate=false -Dcom.sun.management.jmxremote.ssl=false -Dspring.liveBeansView.mbeanDomain -Dspring.application.admin.enabled=true -Dfile.encoding=UTF-8 
java_command: com.example.demo.SpringCloudConfigserverApplication --spring.output.ansi.enabled=always
java_class_path (initial): C:\software\microservicesanother\spring-cloud-configserver\target\classes;C:\Users\IBM_ADMIN\.m2\repository\org\springframework\cloud\spring-cloud-config-server\1.3.0.RELEASE\spring-cloud-config-server-1.3.0.RELEASE.jar;C:\Users\IBM_ADMIN\.m2\repository\org\springframework\cloud\spring-cloud-config-client\1.3.0.RELEASE\spring-cloud-config-client-1.3.0.RELEASE.jar;C:\Users\IBM_ADMIN\.m2\repository\org\springframework\boot\spring-boot-autoconfigure\1.5.3.RELEASE\spring-boot-autoconfigure-1.5.3.RELEASE.jar;C:\Users\IBM_ADMIN\.m2\repository\org\springframework\cloud\spring-cloud-commons\1.2.0.RELEASE\spring-cloud-commons-1.2.0.RELEASE.jar;C:\Users\IBM_ADMIN\.m2\repository\org\springframework\cloud\spring-cloud-context\1.2.0.RELEASE\spring-cloud-context-1.2.0.RELEASE.jar;C:\Users\IBM_ADMIN\.m2\repository\com\fasterxml\jackson\core\jackson-annotations\2.8.0\jackson-annotations-2.8.0.jar;C:\Users\IBM_ADMIN\.m2\repository\org\springframework\security\spring-security-crypto\4.2.2.RELEASE\spring-security-crypto-4.2.2.RELEASE.jar;C:\Users\IBM_ADMIN\.m2\repository\org\springframework\security\spring-security-rsa\1.0.3.RELEASE\spring-security-rsa-1.0.3.RELEASE.jar;C:\Users\IBM_ADMIN\.m2\repository\org\bouncycastle\bcpkix-jdk15on\1.55\bcpkix-jdk15on-1.55.jar;C:\Users\IBM_ADMIN\.m2\repository\org\bouncycastle\bcprov-jdk15on\1.55\bcprov-jdk15on-1.55.jar;C:\Users\IBM_ADMIN\.m2\repository\org\eclipse\jgit\org.eclipse.jgit\4.6.0.201612231935-r\org.eclipse.jgit-4.6.0.201612231935-r.jar;C:\Users\IBM_ADMIN\.m2\repository\com\jcraft\jsch\0.1.53\jsch-0.1.53.jar;C:\Users\IBM_ADMIN\.m2\repository\com\googlecode\javaewah\JavaEWAH\1.1.6\JavaEWAH-1.1.6.jar;C:\Users\IBM_ADMIN\.m2\repository\org\apache\httpcomponents\httpclient\4.5.3\httpclient-4.5.3.jar;C:\Users\IBM_ADMIN\.m2\repository\org\apache\httpcomponents\httpcore\4.4.6\httpcore-4.4.6.jar;C:\Users\IBM_ADMIN\.m2\repository\commons-codec\commons-codec\1.10\commons-codec-1.10.jar;C:\Users\IBM_ADMIN\.m2\repository
Launcher Type: SUN_STANDARD

Environment Variables:
JAVA_HOME=C:\software\jdk1.7.0_51
CLASSPATH=.;C:\software\microservices\junit-4.12.jar;
PATH=C:/software/jdk8/jdk8/bin/server;C:/software/jdk8/jdk8/bin;C:/software/jdk8/jdk8/lib/amd64;C:\Program Files (x86)\RSA SecurID Token Common;C:\Program Files\RSA SecurID Token Common;C:\ProgramData\Oracle\Java\javapath;C:\windows\system32;C:\windows;C:\windows\System32\Wbem;C:\windows\System32\WindowsPowerShell\v1.0\;C:\Program Files (x86)\IBM\Personal Communications\;C:\Program Files (x86)\IBM\Trace Facility\;C:\Program Files (x86)\IBM\Mobility Client\;C:\Program Files\Intel\WiFi\bin\;C:\Program Files\Common Files\Intel\WirelessCommon\;C:\software\jdk1.7.0_51\bin;C:\Program Files (x86)\Skype\Phone\;C:\Go\bin;C:\Program Files\Git\cmd;C:\Program Files\Intel\WiFi\bin\;C:\Program Files\Common Files\Intel\WirelessCommon\;C:\software\Putty;C:\Go\bin;C:\software\gradle-3.4.1-bin\gradle-3.4.1\bin;C:\software\BBC\apache-maven-3.0.5\bin;;C:\Program Files\Docker Toolbox;C:\Users\IBM_ADMIN\AppData\Local\Programs\Python\Python36;C:\software\STS\sts-bundle\sts-3.8.3.RELEASE;
USERNAME=ibm
OS=Windows_NT
PROCESSOR_IDENTIFIER=Intel64 Family 6 Model 78 Stepping 3, GenuineIntel



---------------  S Y S T E M  ---------------

OS: Windows 7 , 64 bit Build 7601 (6.1.7601.23796)

CPU:total 4 (2 cores per cpu, 2 threads per core) family 6 model 78 stepping 3, cmov, cx8, fxsr, mmx, sse, sse2, sse3, ssse3, sse4.1, sse4.2, popcnt, avx, avx2, aes, clmul, erms, rtm, 3dnowpref, lzcnt, ht, tsc, tscinvbit, bmi1, bmi2, adx

Memory: 4k page, physical 7785628k(920948k free), swap 8704920k(5204k free)

vm_info: Java HotSpot(TM) 64-Bit Server VM (25.101-b13) for windows-amd64 JRE (1.8.0_101-b13), built on Jun 22 2016 01:21:29 by "java_re" with MS VC++ 10.0 (VS2010)

time: Wed Jun 14 19:42:31 2017
elapsed time: 105 seconds (0d 0h 1m 45s)

